<?xml version="1.0" encoding="UTF-8"?>
<!-- Generated by org.testng.reporters.JUnitXMLReporter -->
<testsuite ignored="0" hostname="DESKTOP-VA0K6UF" failures="0" tests="3" name="Default test" time="0.142" errors="0" timestamp="2022-08-14T15:07:47 IST">
  <testcase classname="training.testng.TestPriorization" name="createPatient" time="0.022"/>
  <testcase classname="training.testng.TestPriorization" name="updatePatient" time="0.002"/>
  <testcase classname="training.testng.TestPriorization" name="deletePatient" time="0.006"/>
</testsuite> <!-- Default test -->
